number,value,datetime_start,datetime_complete,duration,params_alpha,system_attrs_auto:sampler,state
0,-233217822959038.2,2025-08-09 21:19:39.847117,2025-08-09 21:19:39.863848,0 days 00:00:00.016731,0.1877177158635884,RandomSampler,COMPLETE
1,-235559841894619.28,2025-08-09 21:19:39.864008,2025-08-09 21:19:39.887290,0 days 00:00:00.023282,0.11233621690895225,GPSampler,COMPLETE
2,-255361022673802.16,2025-08-09 21:19:39.887435,2025-08-09 21:19:39.911242,0 days 00:00:00.023807,4.351397079152047,GPSampler,COMPLETE
3,-333606099522868.94,2025-08-09 21:19:39.911386,2025-08-09 21:19:39.935195,0 days 00:00:00.023809,46.16788656537443,GPSampler,COMPLETE
4,-238956347742805.22,2025-08-09 21:19:39.935326,2025-08-09 21:19:39.959233,0 days 00:00:00.023907,0.03793132097255541,GPSampler,COMPLETE
5,-239256468579820.66,2025-08-09 21:19:39.959392,2025-08-09 21:19:39.983285,0 days 00:00:00.023893,2.2425376406560105,GPSampler,COMPLETE
6,-235363892786096.44,2025-08-09 21:19:39.983418,2025-08-09 21:19:40.011722,0 days 00:00:00.028304,0.11765033345445937,GPSampler,COMPLETE
7,-237962898328825.3,2025-08-09 21:19:40.011968,2025-08-09 21:19:40.031276,0 days 00:00:00.019308,0.05684034097210141,GPSampler,COMPLETE
8,-259640846956239.8,2025-08-09 21:19:40.031422,2025-08-09 21:19:40.055244,0 days 00:00:00.023822,4.983347481602243,GPSampler,COMPLETE
9,-239216117788547.8,2025-08-09 21:19:40.056311,2025-08-09 21:19:40.079241,0 days 00:00:00.022930,0.033290211565094166,GPSampler,COMPLETE
10,-241220280091755.34,2025-08-09 21:19:40.079493,2025-08-09 21:19:41.132458,0 days 00:00:01.052965,0.0010000000000000002,GPSampler,COMPLETE
11,-229086588140649.2,2025-08-09 21:19:41.132906,2025-08-09 21:19:41.415375,0 days 00:00:00.282469,0.6291179218120826,GPSampler,COMPLETE
12,-229141751428108.1,2025-08-09 21:19:41.415564,2025-08-09 21:19:42.519546,0 days 00:00:01.103982,0.7096304442915901,GPSampler,COMPLETE
13,-229087739790241.78,2025-08-09 21:19:42.522406,2025-08-09 21:19:43.035648,0 days 00:00:00.513242,0.6241930959438637,GPSampler,COMPLETE
14,-229086369311719.78,2025-08-09 21:19:43.035956,2025-08-09 21:19:44.372158,0 days 00:00:01.336202,0.6304802528244852,GPSampler,COMPLETE
15,-229086052844465.22,2025-08-09 21:19:44.377833,2025-08-09 21:19:45.332321,0 days 00:00:00.954488,0.6332946318980203,GPSampler,COMPLETE
16,-229086013363674.16,2025-08-09 21:19:45.338648,2025-08-09 21:19:46.595738,0 days 00:00:01.257090,0.6338280465303645,GPSampler,COMPLETE
17,-229085938869690.53,2025-08-09 21:19:46.596539,2025-08-09 21:19:47.840251,0 days 00:00:01.243712,0.6352787012831729,GPSampler,COMPLETE
18,-229085941698291.0,2025-08-09 21:19:47.840529,2025-08-09 21:19:48.934437,0 days 00:00:01.093908,0.6351995076937411,GPSampler,COMPLETE
19,-229085932206695.06,2025-08-09 21:19:48.934996,2025-08-09 21:19:50.155433,0 days 00:00:01.220437,0.6354838366611304,GPSampler,COMPLETE
20,-229085961119663.22,2025-08-09 21:19:50.155978,2025-08-09 21:19:51.300121,0 days 00:00:01.144143,0.6347359743227791,GPSampler,COMPLETE
21,-229085912776873.8,2025-08-09 21:19:51.308543,2025-08-09 21:19:52.852526,0 days 00:00:01.543983,0.6365868513430794,GPSampler,COMPLETE
22,-229085912775241.78,2025-08-09 21:19:52.852912,2025-08-09 21:19:54.047389,0 days 00:00:01.194477,0.6365871654109887,GPSampler,COMPLETE
23,-229085912212972.3,2025-08-09 21:19:54.047817,2025-08-09 21:19:55.199012,0 days 00:00:01.151195,0.636783170938414,GPSampler,COMPLETE
24,-229085918943194.78,2025-08-09 21:19:55.199654,2025-08-09 21:19:56.299379,0 days 00:00:01.099725,0.6375833886328258,GPSampler,COMPLETE
25,-229085936642124.2,2025-08-09 21:19:56.299643,2025-08-09 21:19:57.440148,0 days 00:00:01.140505,0.6353440803651275,GPSampler,COMPLETE
26,-229085912264528.78,2025-08-09 21:19:57.440474,2025-08-09 21:19:58.472354,0 days 00:00:01.031880,0.636884996606529,GPSampler,COMPLETE
27,-229085912210784.66,2025-08-09 21:19:58.472650,2025-08-09 21:19:59.727569,0 days 00:00:01.254919,0.6367867919996242,GPSampler,COMPLETE
28,-229085912472075.16,2025-08-09 21:19:59.727833,2025-08-09 21:20:00.963819,0 days 00:00:01.235986,0.6369656835928643,GPSampler,COMPLETE
29,-229085912210743.3,2025-08-09 21:20:00.971132,2025-08-09 21:20:02.295488,0 days 00:00:01.324356,0.6367868082157246,GPSampler,COMPLETE
30,-229085962564958.7,2025-08-09 21:20:02.296003,2025-08-09 21:20:03.327743,0 days 00:00:01.031740,0.6389225394200904,GPSampler,COMPLETE
31,-229085984751504.8,2025-08-09 21:20:03.328010,2025-08-09 21:20:04.475588,0 days 00:00:01.147578,0.6393457323665905,GPSampler,COMPLETE
32,-229085927828207.62,2025-08-09 21:20:04.475821,2025-08-09 21:20:05.751529,0 days 00:00:01.275708,0.6379868919775309,GPSampler,COMPLETE
33,-229086414660466.9,2025-08-09 21:20:05.751960,2025-08-09 21:20:07.123419,0 days 00:00:01.371459,0.6301746645608819,GPSampler,COMPLETE
34,-229085952071465.38,2025-08-09 21:20:07.123645,2025-08-09 21:20:08.491550,0 days 00:00:01.367905,0.6386895766929135,GPSampler,COMPLETE
35,-229086880586576.12,2025-08-09 21:20:08.494482,2025-08-09 21:20:09.883457,0 days 00:00:01.388975,0.6276099680657391,GPSampler,COMPLETE
36,-229086632600971.06,2025-08-09 21:20:09.883614,2025-08-09 21:20:10.916960,0 days 00:00:01.033346,0.6448193076547528,GPSampler,COMPLETE
37,-229085934746028.03,2025-08-09 21:20:10.917106,2025-08-09 21:20:12.087862,0 days 00:00:01.170756,0.6382234393224702,GPSampler,COMPLETE
38,-229086021869558.34,2025-08-09 21:20:12.088183,2025-08-09 21:20:13.267720,0 days 00:00:01.179537,0.6399281806929675,GPSampler,COMPLETE
39,-229085912206432.84,2025-08-09 21:20:13.268958,2025-08-09 21:20:14.645922,0 days 00:00:01.376964,0.636796299608019,GPSampler,COMPLETE
40,-229086026361522.88,2025-08-09 21:20:14.646352,2025-08-09 21:20:16.093667,0 days 00:00:01.447315,0.6399914683361322,GPSampler,COMPLETE
41,-229085969865364.34,2025-08-09 21:20:16.094706,2025-08-09 21:20:17.663687,0 days 00:00:01.568981,0.6390705277005664,GPSampler,COMPLETE
42,-229085951530836.53,2025-08-09 21:20:17.663996,2025-08-09 21:20:18.919794,0 days 00:00:01.255798,0.6386767879506522,GPSampler,COMPLETE
43,-229089414947566.78,2025-08-09 21:20:18.920038,2025-08-09 21:20:20.455664,0 days 00:00:01.535626,0.6193862627038907,GPSampler,COMPLETE
44,-229086009134859.7,2025-08-09 21:20:20.456031,2025-08-09 21:20:21.663843,0 days 00:00:01.207812,0.639741372396105,GPSampler,COMPLETE
45,-229085917292517.84,2025-08-09 21:20:21.665045,2025-08-09 21:20:23.235891,0 days 00:00:01.570846,0.6361417466102821,GPSampler,COMPLETE
46,-229086040263607.0,2025-08-09 21:20:23.236397,2025-08-09 21:20:24.863406,0 days 00:00:01.627009,0.6334553469749468,GPSampler,COMPLETE
47,-229087332796437.84,2025-08-09 21:20:24.863825,2025-08-09 21:20:26.335442,0 days 00:00:01.471617,0.6256778934346462,GPSampler,COMPLETE
48,-229085912992554.8,2025-08-09 21:20:26.335703,2025-08-09 21:20:28.051539,0 days 00:00:01.715836,0.6365479039357722,GPSampler,COMPLETE
49,-229085912206364.1,2025-08-09 21:20:28.051838,2025-08-09 21:20:29.655572,0 days 00:00:01.603734,0.6367965211025793,GPSampler,COMPLETE
